This is pdfeTeX, Version 3.141592-1.30.6-2.2 (MiKTeX 2.5) (preloaded format=pdflatex 2007.3.13)  14 MAR 2007 15:02
entering extended mode
**V:/dem/Projekte/KOF/signalextraction-2.0.0/signalextraction/inst/doc/tutorial
.tex

(V:\dem\Projekte\KOF\signalextraction-2.0.0\signalextraction\inst\doc\tutorial.
tex
LaTeX2e <2005/12/01>
Babel <v3.8g> and hyphenation patterns for english, dumylang, nohyphenation, ge
rman, ngerman, french, loaded.
(C:\texmf\tex\latex\base\article.cls
Document Class: article 2005/09/16 v1.4f Standard LaTeX document class
(C:\texmf\tex\latex\base\size10.clo
File: size10.clo 2005/09/16 v1.4f Standard LaTeX file (size option)
)
\c@part=\count79
\c@section=\count80
\c@subsection=\count81
\c@subsubsection=\count82
\c@paragraph=\count83
\c@subparagraph=\count84
\c@figure=\count85
\c@table=\count86
\abovecaptionskip=\skip41
\belowcaptionskip=\skip42
\bibindent=\dimen102
) (C:\texmf\tex\latex\graphics\graphicx.sty
Package: graphicx 1999/02/16 v1.0f Enhanced LaTeX Graphics (DPC,SPQR)
(C:\texmf\tex\latex\graphics\keyval.sty
Package: keyval 1999/03/16 v1.13 key=value parser (DPC)
\KV@toks@=\toks14
) (C:\texmf\tex\latex\graphics\graphics.sty
Package: graphics 2006/02/20 v1.0o Standard LaTeX Graphics (DPC,SPQR)
(C:\texmf\tex\latex\graphics\trig.sty
Package: trig 1999/03/16 v1.09 sin cos tan (DPC)
) (C:\texmf\tex\latex\00miktex\graphics.cfg
File: graphics.cfg 2005/12/29 v1.2 MiKTeX 'graphics' configuration
)
Package graphics Info: Driver file: pdftex.def on input line 90.
(C:\texmf\tex\latex\graphics\pdftex.def
File: pdftex.def 2006/08/14 v0.03t Graphics/color for pdfTeX
\Gread@gobject=\count87
))
\Gin@req@height=\dimen103
\Gin@req@width=\dimen104
) (C:\texmf\tex\latex\base\inputenc.sty
Package: inputenc 2006/05/05 v1.1b Input encoding file
\inpenc@prehook=\toks15
\inpenc@posthook=\toks16
) (C:\texmf\tex\latex\base\latexsym.sty
Package: latexsym 1998/08/17 v2.2e Standard LaTeX package (lasy symbols)
\symlasy=\mathgroup4
LaTeX Font Info:    Overwriting symbol font `lasy' in version `bold'
(Font)                  U/lasy/m/n --> U/lasy/b/n on input line 47.
) (c:\Programme\R\share\texmf\Sweave.sty

LaTeX Warning: You have requested package `c:/Programme/R/share/texmf/Sweave',
               but the package provides `Sweave'.

Package: Sweave 
(C:\texmf\tex\latex\base\ifthen.sty
Package: ifthen 2001/05/26 v1.1c Standard LaTeX ifthen package (DPC)
) (C:\texmf\tex\latex\fancyvrb\fancyvrb.sty
Package: fancyvrb 1998/07/17
Style option: `fancyvrb' v2.6, with DG/SPQR fixes <1998/07/17> (tvz)
\FV@CodeLineNo=\count88
\FV@InFile=\read1
\FV@TabBox=\box26
\c@FancyVerbLine=\count89
\FV@StepNumber=\count90
\FV@OutFile=\write3
No file fancyvrb.cfg.
) (C:\texmf\tex\latex\upquote\upquote.sty
Package: upquote 2003/08/11 v1.1 Covington's upright-quote modification to verb
atim and verb
(C:\texmf\tex\latex\base\textcomp.sty
Package: textcomp 2005/09/27 v1.99g Standard LaTeX package
Package textcomp Info: Sub-encoding information:
(textcomp)               5 = only ISO-Adobe without \textcurrency
(textcomp)               4 = 5 + \texteuro
(textcomp)               3 = 4 + \textohm
(textcomp)               2 = 3 + \textestimated + \textcurrency
(textcomp)               1 = TS1 - \textcircled - \t
(textcomp)               0 = TS1 (full)
(textcomp)             Font families with sub-encoding setting implement
(textcomp)             only a restricted character set as indicated.
(textcomp)             Family '?' is the default used for unknown fonts.
(textcomp)             See the documentation for details.
Package textcomp Info: Setting ? sub-encoding to TS1/1 on input line 71.
(C:\texmf\tex\latex\base\ts1enc.def
File: ts1enc.def 2001/06/05 v3.0e (jk/car/fm) Standard LaTeX file
)
LaTeX Info: Redefining \oldstylenums on input line 266.
Package textcomp Info: Setting cmr sub-encoding to TS1/0 on input line 281.
Package textcomp Info: Setting cmss sub-encoding to TS1/0 on input line 282.
Package textcomp Info: Setting cmtt sub-encoding to TS1/0 on input line 283.
Package textcomp Info: Setting cmvtt sub-encoding to TS1/0 on input line 284.
Package textcomp Info: Setting cmbr sub-encoding to TS1/0 on input line 285.
Package textcomp Info: Setting cmtl sub-encoding to TS1/0 on input line 286.
Package textcomp Info: Setting ccr sub-encoding to TS1/0 on input line 287.
Package textcomp Info: Setting ptm sub-encoding to TS1/4 on input line 288.
Package textcomp Info: Setting pcr sub-encoding to TS1/4 on input line 289.
Package textcomp Info: Setting phv sub-encoding to TS1/4 on input line 290.
Package textcomp Info: Setting ppl sub-encoding to TS1/3 on input line 291.
Package textcomp Info: Setting pag sub-encoding to TS1/4 on input line 292.
Package textcomp Info: Setting pbk sub-encoding to TS1/4 on input line 293.
Package textcomp Info: Setting pnc sub-encoding to TS1/4 on input line 294.
Package textcomp Info: Setting pzc sub-encoding to TS1/4 on input line 295.
Package textcomp Info: Setting bch sub-encoding to TS1/4 on input line 296.
Package textcomp Info: Setting put sub-encoding to TS1/5 on input line 297.
Package textcomp Info: Setting uag sub-encoding to TS1/5 on input line 298.
Package textcomp Info: Setting ugq sub-encoding to TS1/5 on input line 299.
Package textcomp Info: Setting ul8 sub-encoding to TS1/4 on input line 300.
Package textcomp Info: Setting ul9 sub-encoding to TS1/4 on input line 301.
Package textcomp Info: Setting augie sub-encoding to TS1/5 on input line 302.
Package textcomp Info: Setting dayrom sub-encoding to TS1/3 on input line 303.
Package textcomp Info: Setting dayroms sub-encoding to TS1/3 on input line 304.

Package textcomp Info: Setting pxr sub-encoding to TS1/0 on input line 305.
Package textcomp Info: Setting pxss sub-encoding to TS1/0 on input line 306.
Package textcomp Info: Setting pxtt sub-encoding to TS1/0 on input line 307.
Package textcomp Info: Setting txr sub-encoding to TS1/0 on input line 308.
Package textcomp Info: Setting txss sub-encoding to TS1/0 on input line 309.
Package textcomp Info: Setting txtt sub-encoding to TS1/0 on input line 310.
Package textcomp Info: Setting futs sub-encoding to TS1/4 on input line 311.
Package textcomp Info: Setting futx sub-encoding to TS1/4 on input line 312.
Package textcomp Info: Setting futj sub-encoding to TS1/4 on input line 313.
Package textcomp Info: Setting hlh sub-encoding to TS1/3 on input line 314.
Package textcomp Info: Setting hls sub-encoding to TS1/3 on input line 315.
Package textcomp Info: Setting hlst sub-encoding to TS1/3 on input line 316.
Package textcomp Info: Setting hlct sub-encoding to TS1/5 on input line 317.
Package textcomp Info: Setting hlx sub-encoding to TS1/5 on input line 318.
Package textcomp Info: Setting hlce sub-encoding to TS1/5 on input line 319.
Package textcomp Info: Setting hlcn sub-encoding to TS1/5 on input line 320.
Package textcomp Info: Setting hlcw sub-encoding to TS1/5 on input line 321.
Package textcomp Info: Setting hlcf sub-encoding to TS1/5 on input line 322.
Package textcomp Info: Setting pplx sub-encoding to TS1/3 on input line 323.
Package textcomp Info: Setting pplj sub-encoding to TS1/3 on input line 324.
Package textcomp Info: Setting ptmx sub-encoding to TS1/4 on input line 325.
Package textcomp Info: Setting ptmj sub-encoding to TS1/4 on input line 326.
)) (C:\texmf\tex\latex\base\fontenc.sty
Package: fontenc 2005/09/27 v1.99g Standard LaTeX package
(C:\texmf\tex\latex\base\t1enc.def
File: t1enc.def 2005/09/27 v1.99g Standard LaTeX file
LaTeX Font Info:    Redeclaring font encoding T1 on input line 43.
)) (C:\texmf\tex\latex\ae\ae.sty
Package: ae 2001/02/12 1.3 Almost European Computer Modern
(C:\texmf\tex\latex\base\fontenc.sty
Package: fontenc 2005/09/27 v1.99g Standard LaTeX package
(C:\texmf\tex\latex\base\t1enc.def
File: t1enc.def 2005/09/27 v1.99g Standard LaTeX file
LaTeX Font Info:    Redeclaring font encoding T1 on input line 43.
)
LaTeX Font Info:    Try loading font information for T1+aer on input line 100.
(C:\texmf\tex\latex\ae\t1aer.fd
File: t1aer.fd 1997/11/16 Font definitions for T1/aer.
))))
No file tutorial.aux.
LaTeX Font Info:    Checking defaults for OML/cmm/m/it on input line 13.
LaTeX Font Info:    ... okay on input line 13.
LaTeX Font Info:    Checking defaults for T1/cmr/m/n on input line 13.
LaTeX Font Info:    ... okay on input line 13.
LaTeX Font Info:    Checking defaults for OT1/cmr/m/n on input line 13.
LaTeX Font Info:    ... okay on input line 13.
LaTeX Font Info:    Checking defaults for OMS/cmsy/m/n on input line 13.
LaTeX Font Info:    ... okay on input line 13.
LaTeX Font Info:    Checking defaults for OMX/cmex/m/n on input line 13.
LaTeX Font Info:    ... okay on input line 13.
LaTeX Font Info:    Checking defaults for U/cmr/m/n on input line 13.
LaTeX Font Info:    ... okay on input line 13.
LaTeX Font Info:    Checking defaults for TS1/cmr/m/n on input line 13.
LaTeX Font Info:    Try loading font information for TS1+cmr on input line 13.
(C:\texmf\tex\latex\base\ts1cmr.fd
File: ts1cmr.fd 1999/05/25 v2.5h Standard LaTeX font definitions
)
LaTeX Font Info:    ... okay on input line 13.
(C:\texmf\tex\context\base\supp-pdf.tex (C:\texmf\tex\context\base\supp-mis.tex
loading : Context Support Macros / Miscellaneous (2004.10.26)
\protectiondepth=\count91
\scratchcounter=\count92
\scratchtoks=\toks17
\scratchdimen=\dimen105
\scratchskip=\skip43
\scratchmuskip=\muskip10
\scratchbox=\box27
\scratchread=\read2
\scratchwrite=\write4
\zeropoint=\dimen106
\onepoint=\dimen107
\onebasepoint=\dimen108
\minusone=\count93
\thousandpoint=\dimen109
\onerealpoint=\dimen110
\emptytoks=\toks18
\nextbox=\box28
\nextdepth=\dimen111
\everyline=\toks19
\!!counta=\count94
\!!countb=\count95
\recursecounter=\count96
)
loading : Context Support Macros / PDF (2004.03.26)
\nofMPsegments=\count97
\nofMParguments=\count98
\MPscratchCnt=\count99
\MPscratchDim=\dimen112
\MPnumerator=\count100
\everyMPtoPDFconversion=\toks20
)
LaTeX Font Info:    External font `cmex10' loaded for size
(Font)              <12> on input line 15.
LaTeX Font Info:    External font `cmex10' loaded for size
(Font)              <8> on input line 15.
LaTeX Font Info:    External font `cmex10' loaded for size
(Font)              <6> on input line 15.
LaTeX Font Info:    Try loading font information for U+lasy on input line 15.
(C:\texmf\tex\latex\base\ulasy.fd
File: ulasy.fd 1998/08/17 v2.2e LaTeX symbol font definitions
)
Underfull \hbox (badness 10000) in paragraph at lines 19--24

 []

LaTeX Font Info:    External font `cmex10' loaded for size
(Font)              <7> on input line 26.
LaTeX Font Info:    External font `cmex10' loaded for size
(Font)              <5> on input line 26.

Underfull \hbox (badness 10000) in paragraph at lines 25--35

 []


LaTeX Warning: Citation `wildi2007' on page 1 undefined on input line 37.


Underfull \hbox (badness 10000) in paragraph at lines 36--53

 []

[1

{psfonts.map}]

V:/dem/Projekte/KOF/signalextraction-2.0.0/signalextraction/inst/doc/tutorial.t
ex:69: LaTeX Error: File `excelneu' not found.

See the LaTeX manual or LaTeX Companion for explanation.
Type  H <return>  for immediate help
I could not locate the file with any of these extensions:
.png,.pdf,.jpg,.mps,.jpeg,.PNG,.PDF,.JPG,.JPEG
Try typing  <return>  to proceed.
If that doesn't work, type  X <return>  to quit.

LaTeX Font Info:    Try loading font information for T1+aett on input line 80.
 (C:\texmf\tex\latex\ae\t1aett.fd
File: t1aett.fd 1997/11/16 Font definitions for T1/aett.
) [2]
Underfull \hbox (badness 10000) in paragraph at lines 133--141

 []


LaTeX Warning: Citation `wildi2007' on page 3 undefined on input line 144.


Underfull \hbox (badness 10000) in paragraph at lines 142--149

 []


LaTeX Warning: Reference `foot1' on page 3 undefined on input line 151.


Underfull \hbox (badness 10000) in paragraph at lines 150--159

 []


LaTeX Warning: Reference `fig1' on page 3 undefined on input line 164.


LaTeX Warning: Reference `fig2' on page 3 undefined on input line 164.


Underfull \hbox (badness 10000) in paragraph at lines 160--173

 []

 [3]
Underfull \hbox (badness 10000) in paragraph at lines 199--205

 []


LaTeX Warning: Reference `levapp' on page 4 undefined on input line 208.


LaTeX Warning: Reference `section5' on page 4 undefined on input line 209.


Underfull \hbox (badness 10000) in paragraph at lines 213--223

 []


Overfull \hbox (6.07935pt too wide) in paragraph at lines 244--244
[]    \T1/aett/m/n/10 ttr[weli[1]+weli[length(weli)]-weli] <- term1/(npg2*sb-np
g2*pb)[] 
 []


Underfull \hbox (badness 10000) in paragraph at lines 245--252

 []

 [4]
Underfull \hbox (badness 10000) in paragraph at lines 265--273

 []

LaTeX Font Info:    Try loading font information for TS1+aer on input line 277.

 (C:\Programme\R\share\texmf\ts1aer.fd
File: ts1aer.fd 
)
LaTeX Font Info:    Font shape `TS1/aer/m/n' in size <10> not available
(Font)              Font shape `TS1/cmr/m/n' tried instead on input line 277.


V:/dem/Projekte/KOF/signalextraction-2.0.0/signalextraction/inst/doc/tutorial.t
ex:284: LaTeX Error: File `levelfilter_la5_exp2k5_pbd1k02_pb_14_sb7_limamp5_nlo
ops10_d0' not found.

See the LaTeX manual or LaTeX Companion for explanation.
Type  H <return>  for immediate help
I could not locate the file with any of these extensions:
.png,.pdf,.jpg,.mps,.jpeg,.PNG,.PDF,.JPG,.JPEG
Try typing  <return>  to proceed.
If that doesn't work, type  X <return>  to quit.

 [5]
Underfull \hbox (badness 10000) in paragraph at lines 323--327

 []


Underfull \hbox (badness 10000) in paragraph at lines 329--335

 []


LaTeX Warning: Reference `fig2' on page 6 undefined on input line 336.



V:/dem/Projekte/KOF/signalextraction-2.0.0/signalextraction/inst/doc/tutorial.t
ex:348: LaTeX Error: File `tpfilter_la5_exp1k5_pbd1k02_pb_6k5_sb6_limamp5_nloop
s10_d0' not found.

See the LaTeX manual or LaTeX Companion for explanation.
Type  H <return>  for immediate help
I could not locate the file with any of these extensions:
.png,.pdf,.jpg,.mps,.jpeg,.PNG,.PDF,.JPG,.JPEG
Try typing  <return>  to proceed.
If that doesn't work, type  X <return>  to quit.


LaTeX Warning: Reference `fig2' on page 6 undefined on input line 367.


LaTeX Warning: Reference `fig1' on page 6 undefined on input line 371.


Underfull \hbox (badness 10000) in paragraph at lines 357--372

 []

 [6] [7]

LaTeX Warning: Reference `fig4' on page 8 undefined on input line 452.


LaTeX Warning: Reference `fig2' on page 8 undefined on input line 454.


LaTeX Warning: Reference `fig4' on page 8 undefined on input line 455.


LaTeX Warning: Reference `fig4' on page 8 undefined on input line 465.


Overfull \hbox (9.40076pt too wide) in paragraph at lines 465--472
[]\T1/aer/m/n/10 Blue line in Fig-ure []: the se-ries is based on \T1/aett/m/n/
10 lambda=2 \T1/aer/m/n/10 (in-stead of \T1/aett/m/n/10 lambda=5\T1/aer/m/n/10 
),
 []


LaTeX Warning: Reference `fig4' on page 8 undefined on input line 472.


LaTeX Warning: Reference `sect3' on page 8 undefined on input line 476.



V:/dem/Projekte/KOF/signalextraction-2.0.0/signalextraction/inst/doc/tutorial.t
ex:483: LaTeX Error: File `parametersetting' not found.

See the LaTeX manual or LaTeX Companion for explanation.
Type  H <return>  for immediate help
I could not locate the file with any of these extensions:
.png,.pdf,.jpg,.mps,.jpeg,.PNG,.PDF,.JPG,.JPEG
Try typing  <return>  to proceed.
If that doesn't work, type  X <return>  to quit.

 [8]
Underfull \hbox (badness 10000) in paragraph at lines 503--518

 []


Underfull \hbox (badness 10000) in paragraph at lines 519--526

 []


Underfull \hbox (badness 10000) in paragraph at lines 527--533

 []


Underfull \hbox (badness 10000) in paragraph at lines 540--542

 []

 [9]


V:/dem/Projekte/KOF/signalextraction-2.0.0/signalextraction/inst/doc/tutorial.t
ex:590: LaTeX Error: File `level_in_and_outofsample' not found.

See the LaTeX manual or LaTeX Companion for explanation.
Type  H <return>  for immediate help
I could not locate the file with any of these extensions:
.png,.pdf,.jpg,.mps,.jpeg,.PNG,.PDF,.JPG,.JPEG
Try typing  <return>  to proceed.
If that doesn't work, type  X <return>  to quit.


Underfull \hbox (badness 10000) in paragraph at lines 597--604

 []


Underfull \hbox (badness 10000) in paragraph at lines 605--613

 []

 [10]

LaTeX Warning: Reference `fig5' on page 11 undefined on input line 644.


Underfull \hbox (badness 10000) in paragraph at lines 643--645

 []

No file tutorial.bbl.
 [11] (tutorial.aux)

LaTeX Warning: There were undefined references.


LaTeX Warning: Label(s) may have changed. Rerun to get cross-references right.

 ) 
Here is how much of TeX's memory you used:
 2411 strings out of 95419
 30262 string characters out of 1187845
 72865 words of memory out of 1072469
 5320 multiletter control sequences out of 60000
 38764 words of font info for 81 fonts, out of 1000000 for 2000
 14 hyphenation exceptions out of 8191
 35i,13n,21p,545b,247s stack positions out of 5000i,500n,10000p,200000b,32768s
PDF statistics:
 104 PDF objects out of 300000
 0 named destinations out of 300000
 1 words of extra memory for PDF output out of 10000
<C:/texmf/fonts/type1/bluesky/cm/cmbx8.pfb><C:/texmf/fonts/type1/bluesky/cm/c
msy8.pfb><C:/texmf/fonts/type1/bluesky/cm/cmmi6.pfb>{cm-super-ts1.enc}<C:/texmf
/fonts/type1/public/cm-super/sfrm1000.pfb><C:/texmf/fonts/type1/bluesky/cm/cmtt
8.pfb><C:/texmf/fonts/type1/bluesky/cm/cmsy10.pfb><C:/texmf/fonts/type1/bluesky
/cm/cmex10.pfb><C:/texmf/fonts/type1/bluesky/cm/cmti8.pfb><C:/texmf/fonts/type1
/bluesky/cm/cmsy6.pfb><C:/texmf/fonts/type1/bluesky/cm/cmtt10.pfb><C:/texmf/fon
ts/type1/bluesky/cm/cmr8.pfb><C:/texmf/fonts/type1/bluesky/cm/cmmi8.pfb><C:/tex
mf/fonts/type1/bluesky/cm/cmr6.pfb><C:/texmf/fonts/type1/bluesky/cm/cmsy7.pfb><
C:/texmf/fonts/type1/bluesky/cm/cmbx10.pfb><C:/texmf/fonts/type1/bluesky/cm/cmt
i10.pfb><C:/texmf/fonts/type1/bluesky/cm/cmmi7.pfb><C:/texmf/fonts/type1/bluesk
y/cm/cmr7.pfb><C:/texmf/fonts/type1/bluesky/cm/cmmi10.pfb><C:/texmf/fonts/type1
/bluesky/cm/cmr10.pfb><C:/texmf/fonts/type1/bluesky/cm/cmbx12.pfb><C:/texmf/fon
ts/type1/bluesky/cm/cmr12.pfb><C:/texmf/fonts/type1/bluesky/cm/cmr17.pfb>
Output written on tutorial.pdf (11 pages, 174391 bytes).
